<?xml version="1.0" encoding="UTF-8"?>
<!-- Generated by org.testng.reporters.JUnitReportReporter -->
<testsuite hostname="DESKTOP-0UJMIG6" failures="0" tests="1" name="com.juaracoding.pageobjects.TestModal" time="1.678" errors="0" timestamp="2022-08-24T14:20:47 ICT" skipped="0">
  <testcase classname="com.juaracoding.pageobjects.TestModal" name="testModal" time="1.678"/>
  <system-out/>
</testsuite> <!-- com.juaracoding.pageobjects.TestModal -->
