<?xml version="1.0" encoding="UTF-8"?>
<!-- Generated by org.testng.reporters.JUnitReportReporter -->
<testsuite hostname="DESKTOP-0UJMIG6" failures="0" tests="1" name="com.juaracoding.pageobjects.TestRandomPokemon" time="0.473" errors="0" timestamp="2022-08-23T20:41:56 ICT" skipped="0">
  <testcase classname="com.juaracoding.pageobjects.TestRandomPokemon" name="testGeneratePokemon" time="0.473"/>
  <system-out/>
</testsuite> <!-- com.juaracoding.pageobjects.TestRandomPokemon -->
