<?xml version="1.0" encoding="UTF-8"?>
<!-- Generated by org.testng.reporters.JUnitReportReporter -->
<testsuite hostname="DESKTOP-0UJMIG6" failures="0" tests="1" name="com.juaracoding.pageobjects.TestLoginSiloam" time="0.711" errors="0" timestamp="2022-08-23T20:23:02 ICT" skipped="0">
  <testcase classname="com.juaracoding.pageobjects.TestLoginSiloam" name="testInvalidLogin" time="0.711"/>
  <system-out/>
</testsuite> <!-- com.juaracoding.pageobjects.TestLoginSiloam -->
