<?xml version="1.0" encoding="UTF-8"?>
<!-- Generated by org.testng.reporters.JUnitReportReporter -->
<testsuite hostname="DESKTOP-0UJMIG6" failures="0" tests="1" name="com.juaracoding.pageobjects.TestFrame" time="0.739" errors="0" timestamp="2022-08-23T21:18:34 ICT" skipped="0">
  <testcase classname="com.juaracoding.pageobjects.TestFrame" name="testFrame" time="0.739"/>
  <system-out/>
</testsuite> <!-- com.juaracoding.pageobjects.TestFrame -->
